<?xml version="1.0" encoding="UTF-8"?>
<!-- Generated by org.testng.reporters.JUnitXMLReporter -->
<testsuite ignored="0" hostname="DESKTOP-DM7HA6N" failures="0" tests="3" name="AccountTest" time="0.017" errors="0" timestamp="2023-06-27T11:44:31 IST">
  <testcase classname="day26jun23.SalaryAccount" name="VerifyCurrentAccount" time="0.002"/>
  <testcase classname="day26jun23.SalaryAccount" name="VerifySalaryAccount" time="0.002"/>
  <testcase classname="day26jun23.SalaryAccount" name="VerifySavingAccount" time="0.001"/>
</testsuite> <!-- AccountTest -->
