<?xml version="1.0" encoding="UTF-8"?>
<!-- Generated by org.testng.reporters.JUnitXMLReporter -->
<testsuite ignored="0" hostname="DESKTOP-DM7HA6N" failures="0" tests="5" name="PaymentTest" time="0.085" errors="0" timestamp="2023-06-27T11:44:31 IST">
  <testcase classname="day26jun23.LaunchBrowserDemo" name="verifyBrowser" time="0.01"/>
  <testcase classname="day26jun23.LaunchBrowserDemo" name="verifyTitle" time="0.002"/>
  <testcase classname="day26jun23.LaunchBrowserDemo" name="verifyUrl" time="0.005"/>
  <testcase classname="day26jun23.Payment" name="verifyPayment" time="0.002"/>
  <testcase classname="day26jun23.Payment" name="verifyShipping" time="0.002"/>
</testsuite> <!-- PaymentTest -->
