<?xml version="1.0" encoding="UTF-8"?>
<!-- Generated by org.testng.reporters.JUnitXMLReporter -->
<testsuite ignored="0" hostname="DESKTOP-DM7HA6N" failures="0" tests="4" name="CST5556Test" time="0.084" errors="0" timestamp="2023-06-30T12:57:18 IST">
  <testcase classname="day30jun23.HelpingAttributesAnnotations1" name="test1" time="0.005"/>
  <testcase classname="day30jun23.HelpingAttributesAnnotations1" name="test2" time="0.002"/>
  <testcase classname="day30jun23.HelpingAttributesAnnotations2" name="test3" time="0.002"/>
  <testcase classname="day30jun23.HelpingAttributesAnnotations2" name="test4" time="0.001"/>
</testsuite> <!-- CST5556Test -->
