<?xml version="1.0" encoding="UTF-8"?>
<!-- Generated by org.testng.reporters.JUnitXMLReporter -->
<testsuite ignored="0" hostname="DESKTOP-DM7HA6N" failures="0" tests="3" name="Default test" time="6.122" errors="0" timestamp="2023-07-11T12:59:30 IST">
  <testcase classname="day11Jul23.TestNgParallelDemo" name="test1" time="2.053"/>
  <testcase classname="day11Jul23.TestNgParallelDemo" name="test2" time="2.006"/>
  <testcase classname="day11Jul23.TestNgParallelDemo" name="test3" time="2.017"/>
</testsuite> <!-- Default test -->
