<?xml version="1.0" encoding="UTF-8"?>
<!-- Generated by org.testng.reporters.JUnitXMLReporter -->
<testsuite ignored="0" hostname="DESKTOP-DM7HA6N" failures="0" tests="3" name="Test" time="2.095" errors="0" timestamp="2023-07-11T13:00:32 IST">
  <testcase classname="day11Jul23.TestNgParallelDemo" name="test3" time="2.044"/>
  <testcase classname="day11Jul23.TestNgParallelDemo" name="test1" time="2.044"/>
  <testcase classname="day11Jul23.TestNgParallelDemo" name="test2" time="2.049"/>
</testsuite> <!-- Test -->
