<?xml version="1.0" encoding="UTF-8"?>
<!-- Generated by org.testng.reporters.JUnitXMLReporter -->
<testsuite ignored="0" hostname="DESKTOP-DM7HA6N" failures="0" tests="10" name="DPTest" time="0.165" errors="0" timestamp="2023-07-01T11:55:54 IST">
  <testcase classname="day1jul23.ClassDP1" name="test1" time="0.009"/>
  <testcase classname="day1jul23.ClassDP1" name="test1" time="0.005"/>
  <testcase classname="day1jul23.ClassDP1" name="test2" time="0.002"/>
  <testcase classname="day1jul23.ClassDP1" name="test2" time="0.002"/>
  <testcase classname="day1jul23.ClassDP1" name="test2" time="0.002"/>
  <testcase classname="day1jul23.ClassDP2" name="test1" time="0.002"/>
  <testcase classname="day1jul23.ClassDP2" name="test1" time="0.001"/>
  <testcase classname="day1jul23.ClassDP2" name="test1" time="0.003"/>
  <testcase classname="day1jul23.ClassDP2" name="test1" time="0.002"/>
  <testcase classname="day1jul23.ClassDP2" name="test1" time="0.004"/>
</testsuite> <!-- DPTest -->
